Arguments: 
  C:\Program Files\nodejs\node.exe C:\Users\Elite\AppData\Roaming\npm\node_modules\yarn\bin\yarn.js add @fortawesome/fontawesome-svg-core

PATH: 
  C:\Users\Elite\Desktop\cmder\vendor\conemu-maximus5\ConEmu\Scripts;C:\Users\Elite\Desktop\cmder\vendor\conemu-maximus5;C:\Users\Elite\Desktop\cmder\vendor\conemu-maximus5\ConEmu;C:\Windows\system32;C:\Windows;C:\Windows\System32\Wbem;C:\Windows\System32\WindowsPowerShell\v1.0\;C:\Windows\System32\OpenSSH\;C:\xampp\php;C:\ProgramData\ComposerSetup\bin;C:\Program Files\nodejs\;C:\Program Files\Git\cmd;C:\Users\Elite\AppData\Local\Microsoft\WindowsApps;C:\Users\Elite\AppData\Local\Programs\Microsoft VS Code\bin;C:\Users\Elite\AppData\Roaming\Composer\vendor\bin;C:\Users\Elite\AppData\Roaming\npm;C:\Program Files (x86)\EaseUS\EaseUS Partition Master Suite\ToolKits\EaseUS Todo Backup\bin\x64\;C:\Program Files\Git\mingw64\bin;C:\Program Files\Git\usr\bin;C:\Users\Elite\Desktop\cmder\vendor\bin;C:\Users\Elite\Desktop\cmder

Yarn version: 
  1.22.18

Node version: 
  16.14.0

Platform: 
  win32 x64

Trace: 
  Error: https://npm.fontawesome.com/@fortawesome%2ffontawesome-svg-core: authentication required
      at Request.params.callback [as _callback] (C:\Users\Elite\AppData\Roaming\npm\node_modules\yarn\lib\cli.js:66138:18)
      at Request.self.callback (C:\Users\Elite\AppData\Roaming\npm\node_modules\yarn\lib\cli.js:140883:22)
      at Request.emit (node:events:520:28)
      at Request.<anonymous> (C:\Users\Elite\AppData\Roaming\npm\node_modules\yarn\lib\cli.js:141855:10)
      at Request.emit (node:events:520:28)
      at IncomingMessage.<anonymous> (C:\Users\Elite\AppData\Roaming\npm\node_modules\yarn\lib\cli.js:141777:12)
      at Object.onceWrapper (node:events:639:28)
      at IncomingMessage.emit (node:events:532:35)
      at endReadableNT (node:internal/streams/readable:1346:12)
      at processTicksAndRejections (node:internal/process/task_queues:83:21)

npm manifest: 
  {
    "name": "madrasatech",
    "version": "0.1.0",
    "private": true,
    "dependencies": {
      "@testing-library/jest-dom": "^5.16.4",
      "@testing-library/react": "^13.3.0",
      "@testing-library/user-event": "^13.5.0",
      "bootstrap": "^5.1.3",
      "react": "^18.1.0",
      "react-bootstrap": "^2.4.0",
      "react-dom": "^18.1.0",
      "react-scripts": "5.0.1",
      "web-vitals": "^2.1.4"
    },
    "scripts": {
      "start": "react-scripts start",
      "build": "react-scripts build",
      "test": "react-scripts test",
      "eject": "react-scripts eject"
    },
    "eslintConfig": {
      "extends": [
        "react-app",
        "react-app/jest"
      ]
    },
    "browserslist": {
      "production": [
        ">0.2%",
        "not dead",
        "not op_mini all"
      ],
      "development": [
        "last 1 chrome version",
        "last 1 firefox version",
        "last 1 safari version"
      ]
    }
  }

yarn manifest: 
  No manifest

Lockfile: 
  No lockfile
